<?xml version="1.0" encoding="UTF-8"?>
<testng-results ignored="0" total="1" passed="1" failed="0" skipped="0">
  <reporter-output>
  </reporter-output>
  <suite started-at="2023-01-03T15:07:35 EST" name="Default suite" finished-at="2023-01-03T15:07:59 EST" duration-ms="23272">
    <groups>
    </groups>
    <test started-at="2023-01-03T15:07:35 EST" name="Default test" finished-at="2023-01-03T15:07:59 EST" duration-ms="23272">
      <class name="testng.Assignment17">
        <test-method signature="switchNewTab2()[pri:0, instance:testng.Assignment17@437da279]" started-at="2023-01-03T15:07:35 EST" name="switchNewTab2" finished-at="2023-01-03T15:07:59 EST" duration-ms="23225" status="PASS">
          <reporter-output>
          </reporter-output>
        </test-method> <!-- switchNewTab2 -->
      </class> <!-- testng.Assignment17 -->
    </test> <!-- Default test -->
  </suite> <!-- Default suite -->
</testng-results>
