<?xml version="1.0" encoding="UTF-8"?>
<!-- Generated by org.testng.reporters.JUnitXMLReporter -->
<testsuite ignored="0" hostname="DESKTOP-PDHH13S" failures="0" tests="3" name="Test1" time="73.56" errors="0" timestamp="2023-01-02T16:26:38 EST">
  <testcase classname="testng.FbLogin" name="f" time="7.712"/>
  <testcase classname="testng.Assignment13" name="blazeDemo" time="46.779"/>
  <testcase classname="testng.Assignment14" name="changeCalendarDate" time="19.02"/>
</testsuite> <!-- Test1 -->
